{
  "stats": {
    "suites": 1,
    "tests": 10,
    "passes": 10,
    "pending": 0,
    "failures": 0,
    "start": "2020-12-29T12:44:30.999Z",
    "end": "2020-12-29T12:45:30.757Z",
    "duration": 59758,
    "testsRegistered": 10,
    "passPercent": 100,
    "pendingPercent": 0,
    "other": 0,
    "hasOther": false,
    "skipped": 0,
    "hasSkipped": false
  },
  "results": [
    {
      "uuid": "ca8e4605-c861-4cf6-ad68-946e9aad0274",
      "title": "",
      "fullFile": "cypress\\integration\\manage-bot\\upload-ava-bot.spec.js",
      "file": "cypress\\integration\\manage-bot\\upload-ava-bot.spec.js",
      "beforeHooks": [],
      "afterHooks": [],
      "tests": [],
      "suites": [
        {
          "uuid": "e0d3074e-e3b1-401b-9403-49c828c4537c",
          "title": "Manage Bot - Upload Avatar Bot",
          "fullFile": "",
          "file": "",
          "beforeHooks": [],
          "afterHooks": [],
          "tests": [
            {
              "title": "TC-UploadAvaBot-001",
              "fullTitle": "Manage Bot - Upload Avatar Bot TC-UploadAvaBot-001",
              "timedOut": null,
              "duration": 12823,
              "state": "passed",
              "speed": "slow",
              "pass": true,
              "fail": false,
              "pending": false,
              "context": null,
              "code": "var fileUpload = 'file-upload/png-500kb.png';\ncy.get('#fileInput').attachFile(fileUpload);\ncy.get('.mb-4 > img', {\n  timeout: 10000\n}).should('have.attr', 'src').and('include', 'https://storage.googleapis.com/vutura/assets/images/');",
              "err": {},
              "uuid": "959809c6-466c-4fe5-9cec-59c14945e111",
              "parentUUID": "e0d3074e-e3b1-401b-9403-49c828c4537c",
              "isHook": false,
              "skipped": false
            },
            {
              "title": "TC-UploadAvaBot-002",
              "fullTitle": "Manage Bot - Upload Avatar Bot TC-UploadAvaBot-002",
              "timedOut": null,
              "duration": 4292,
              "state": "passed",
              "speed": "slow",
              "pass": true,
              "fail": false,
              "pending": false,
              "context": null,
              "code": "var fileUpload = 'file-upload/png-1mb.png';\ncy.get('#fileInput').attachFile(fileUpload);\ncy.get('div[role=\"alert\"]').should('be.visible').and('contain', 'Ukuran file lebih dari 750 KB');",
              "err": {},
              "uuid": "92d4e630-c5d4-41c5-b0b3-06b99d925d95",
              "parentUUID": "e0d3074e-e3b1-401b-9403-49c828c4537c",
              "isHook": false,
              "skipped": false
            },
            {
              "title": "TC-UploadAvaBot-003",
              "fullTitle": "Manage Bot - Upload Avatar Bot TC-UploadAvaBot-003",
              "timedOut": null,
              "duration": 5690,
              "state": "passed",
              "speed": "slow",
              "pass": true,
              "fail": false,
              "pending": false,
              "context": null,
              "code": "var fileUpload = 'file-upload/jpg-500kb.jpg';\ncy.get('#fileInput').attachFile(fileUpload);\ncy.get('.mb-4 > img', {\n  timeout: 10000\n}).should('have.attr', 'src').and('include', 'https://storage.googleapis.com/vutura/assets/images/');",
              "err": {},
              "uuid": "4112f9e5-3cf6-45b3-8f74-9e19ca203887",
              "parentUUID": "e0d3074e-e3b1-401b-9403-49c828c4537c",
              "isHook": false,
              "skipped": false
            },
            {
              "title": "TC-UploadAvaBot-004",
              "fullTitle": "Manage Bot - Upload Avatar Bot TC-UploadAvaBot-004",
              "timedOut": null,
              "duration": 3804,
              "state": "passed",
              "speed": "slow",
              "pass": true,
              "fail": false,
              "pending": false,
              "context": null,
              "code": "var fileUpload = 'file-upload/jpg-2mb.jpg';\ncy.get('#fileInput').attachFile(fileUpload);\ncy.get('div[role=\"alert\"]').should('be.visible').and('contain', 'Ukuran file lebih dari 750 KB');",
              "err": {},
              "uuid": "add33f4e-9813-4342-b589-04c30236d040",
              "parentUUID": "e0d3074e-e3b1-401b-9403-49c828c4537c",
              "isHook": false,
              "skipped": false
            },
            {
              "title": "TC-UploadAvaBot-005",
              "fullTitle": "Manage Bot - Upload Avatar Bot TC-UploadAvaBot-005",
              "timedOut": null,
              "duration": 4805,
              "state": "passed",
              "speed": "slow",
              "pass": true,
              "fail": false,
              "pending": false,
              "context": null,
              "code": "var fileUpload = 'file-upload/jpeg-300kb.jpeg';\ncy.get('#fileInput').attachFile(fileUpload);\ncy.get('.mb-4 > img', {\n  timeout: 10000\n}).should('have.attr', 'src').and('include', 'https://storage.googleapis.com/vutura/assets/images/');",
              "err": {},
              "uuid": "06a39a70-ae24-47d7-92ae-7164154a0cfd",
              "parentUUID": "e0d3074e-e3b1-401b-9403-49c828c4537c",
              "isHook": false,
              "skipped": false
            },
            {
              "title": "TC-UploadAvaBot-006",
              "fullTitle": "Manage Bot - Upload Avatar Bot TC-UploadAvaBot-006",
              "timedOut": null,
              "duration": 6777,
              "state": "passed",
              "speed": "slow",
              "pass": true,
              "fail": false,
              "pending": false,
              "context": null,
              "code": "var fileUpload = 'file-upload/jpeg-5mb.jpeg';\ncy.get('#fileInput').attachFile(fileUpload);\ncy.get('div[role=\"alert\"]').should('be.visible').and('contain', 'Ukuran file lebih dari 750 KB');",
              "err": {},
              "uuid": "3e911f22-d849-4c29-95a4-dfc17cc27e65",
              "parentUUID": "e0d3074e-e3b1-401b-9403-49c828c4537c",
              "isHook": false,
              "skipped": false
            },
            {
              "title": "TC-UploadAvaBot-007",
              "fullTitle": "Manage Bot - Upload Avatar Bot TC-UploadAvaBot-007",
              "timedOut": null,
              "duration": 3903,
              "state": "passed",
              "speed": "slow",
              "pass": true,
              "fail": false,
              "pending": false,
              "context": null,
              "code": "var fileUpload = 'file-upload/svg-50kb.svg';\ncy.get('#fileInput').attachFile(fileUpload);\ncy.get('div[role=\"alert\"]').should('be.visible').and('contain', 'Harap pilih tipe file jpg, png, atau jpeg');",
              "err": {},
              "uuid": "88464171-46f5-4917-9bd5-7b8021441373",
              "parentUUID": "e0d3074e-e3b1-401b-9403-49c828c4537c",
              "isHook": false,
              "skipped": false
            },
            {
              "title": "TC-UploadAvaBot-008",
              "fullTitle": "Manage Bot - Upload Avatar Bot TC-UploadAvaBot-008",
              "timedOut": null,
              "duration": 3242,
              "state": "passed",
              "speed": "slow",
              "pass": true,
              "fail": false,
              "pending": false,
              "context": null,
              "code": "var fileUpload = 'file-upload/svg-1mb.svg';\ncy.get('#fileInput').attachFile(fileUpload);\ncy.get('div[role=\"alert\"]').should('be.visible').and('contain', 'Harap pilih tipe file jpg, png, atau jpeg');",
              "err": {},
              "uuid": "6c6b80e8-d39f-4f3d-96a2-b2da153af92a",
              "parentUUID": "e0d3074e-e3b1-401b-9403-49c828c4537c",
              "isHook": false,
              "skipped": false
            },
            {
              "title": "TC-UploadAvaBot-009",
              "fullTitle": "Manage Bot - Upload Avatar Bot TC-UploadAvaBot-009",
              "timedOut": null,
              "duration": 7521,
              "state": "passed",
              "speed": "slow",
              "pass": true,
              "fail": false,
              "pending": false,
              "context": null,
              "code": "var fileUpload = 'file-upload/docx-100kb.docx';\ncy.get('#fileInput').attachFile(fileUpload);\ncy.get('div[role=\"alert\"]').should('be.visible').and('contain', 'Harap pilih tipe file jpg, png, atau jpeg');",
              "err": {},
              "uuid": "4b453318-dbf5-4ac6-8cf8-09d0ed2dcdde",
              "parentUUID": "e0d3074e-e3b1-401b-9403-49c828c4537c",
              "isHook": false,
              "skipped": false
            },
            {
              "title": "TC-UploadAvaBot-010",
              "fullTitle": "Manage Bot - Upload Avatar Bot TC-UploadAvaBot-010",
              "timedOut": null,
              "duration": 6470,
              "state": "passed",
              "speed": "slow",
              "pass": true,
              "fail": false,
              "pending": false,
              "context": null,
              "code": "var fileUpload = 'file-upload/docx-1mb.docx';\ncy.get('#fileInput').attachFile(fileUpload);\ncy.get('div[role=\"alert\"]').should('be.visible').and('contain', 'Harap pilih tipe file jpg, png, atau jpeg');",
              "err": {},
              "uuid": "8647c767-d286-4e30-80b8-a817af319e10",
              "parentUUID": "e0d3074e-e3b1-401b-9403-49c828c4537c",
              "isHook": false,
              "skipped": false
            }
          ],
          "suites": [],
          "passes": [
            "959809c6-466c-4fe5-9cec-59c14945e111",
            "92d4e630-c5d4-41c5-b0b3-06b99d925d95",
            "4112f9e5-3cf6-45b3-8f74-9e19ca203887",
            "add33f4e-9813-4342-b589-04c30236d040",
            "06a39a70-ae24-47d7-92ae-7164154a0cfd",
            "3e911f22-d849-4c29-95a4-dfc17cc27e65",
            "88464171-46f5-4917-9bd5-7b8021441373",
            "6c6b80e8-d39f-4f3d-96a2-b2da153af92a",
            "4b453318-dbf5-4ac6-8cf8-09d0ed2dcdde",
            "8647c767-d286-4e30-80b8-a817af319e10"
          ],
          "failures": [],
          "pending": [],
          "skipped": [],
          "duration": 59327,
          "root": false,
          "rootEmpty": false,
          "_timeout": 2000
        }
      ],
      "passes": [],
      "failures": [],
      "pending": [],
      "skipped": [],
      "duration": 0,
      "root": true,
      "rootEmpty": true,
      "_timeout": 2000
    }
  ],
  "meta": {
    "mocha": {
      "version": "7.0.1"
    },
    "mochawesome": {
      "options": {
        "quiet": false,
        "reportFilename": "mochawesome",
        "saveHtml": false,
        "saveJson": true,
        "consoleReporter": "spec",
        "useInlineDiffs": false,
        "code": true
      },
      "version": "6.2.1"
    },
    "marge": {
      "options": {
        "charts": true,
        "overwrite": false,
        "html": false,
        "json": true,
        "reportDir": "cypress/report/mochawesome-report"
      },
      "version": "5.1.0"
    }
  }
}