{
  "stats": {
    "suites": 1,
    "tests": 1,
    "passes": 0,
    "pending": 0,
    "failures": 1,
    "start": "2020-12-29T12:44:17.504Z",
    "end": "2020-12-29T12:44:18.120Z",
    "duration": 616,
    "testsRegistered": 2,
    "passPercent": 0,
    "pendingPercent": 0,
    "other": 0,
    "hasOther": false,
    "skipped": 1,
    "hasSkipped": true
  },
  "results": [
    {
      "uuid": "bb37c2cc-ce64-4d63-a601-c39698ed58fb",
      "title": "",
      "fullFile": "cypress\\integration\\manage-bot\\create-bot.js",
      "file": "cypress\\integration\\manage-bot\\create-bot.js",
      "beforeHooks": [],
      "afterHooks": [],
      "tests": [],
      "suites": [
        {
          "uuid": "998d5929-0c9f-4920-98ee-e1e72191ebc3",
          "title": "Create Bot",
          "fullFile": "",
          "file": "",
          "beforeHooks": [],
          "afterHooks": [],
          "tests": [
            {
              "title": "Case #001",
              "fullTitle": "Create Bot Case #001",
              "timedOut": null,
              "duration": 540,
              "state": "failed",
              "speed": null,
              "pass": false,
              "fail": true,
              "pending": false,
              "context": null,
              "code": "cy.login(this.dataSignin.email, this.dataSignin.pw); // login\n// Assert Url\ncy.url().should('include', 'bot'); // Assert text\ncy.get('.d-flex > .headline').should('contain', 'bayusandya');",
              "err": {
                "message": "Error: A fixture file could not be found at any of the following paths:\n\n> cypress\\fixtures\\signin\n> cypress\\fixtures\\signin{{extension}}\n\nCypress looked for these file extensions at the provided path:\n\n> .json, .js, .coffee, .html, .txt, .csv, .png, .jpg, .jpeg, .gif, .tif, .tiff, .zip\n\nProvide a path to an existing fixture file.\n\nBecause this error occurred during a `before each` hook we are skipping the remaining tests in the current suite: `Create Bot`",
                "estack": "Error: A fixture file could not be found at any of the following paths:\n\n> cypress\\fixtures\\signin\n> cypress\\fixtures\\signin{{extension}}\n\nCypress looked for these file extensions at the provided path:\n\n> .json, .js, .coffee, .html, .txt, .csv, .png, .jpg, .jpeg, .gif, .tif, .tiff, .zip\n\nProvide a path to an existing fixture file.\n\nBecause this error occurred during a `before each` hook we are skipping the remaining tests in the current suite: `Create Bot`\n    at get (C:\\Users\\Net\\AppData\\Local\\Cypress\\Cache\\6.2.0\\Cypress\\resources\\app\\packages\\server\\lib\\errors.js:961:15)\n    at Object.throwErr [as throw] (C:\\Users\\Net\\AppData\\Local\\Cypress\\Cache\\6.2.0\\Cypress\\resources\\app\\packages\\server\\lib\\errors.js:979:9)\n    at Object.<anonymous> (C:\\Users\\Net\\AppData\\Local\\Cypress\\Cache\\6.2.0\\Cypress\\resources\\app\\packages\\server\\lib\\fixture.js:63:23)\n    at Object.tryCatcher (C:\\Users\\Net\\AppData\\Local\\Cypress\\Cache\\6.2.0\\Cypress\\resources\\app\\packages\\server\\node_modules\\bluebird\\js\\release\\util.js:16:23)\n    at Promise._settlePromiseFromHandler (C:\\Users\\Net\\AppData\\Local\\Cypress\\Cache\\6.2.0\\Cypress\\resources\\app\\packages\\server\\node_modules\\bluebird\\js\\release\\promise.js:547:31)\n    at Promise._settlePromise (C:\\Users\\Net\\AppData\\Local\\Cypress\\Cache\\6.2.0\\Cypress\\resources\\app\\packages\\server\\node_modules\\bluebird\\js\\release\\promise.js:604:18)\n    at Promise._settlePromise0 (C:\\Users\\Net\\AppData\\Local\\Cypress\\Cache\\6.2.0\\Cypress\\resources\\app\\packages\\server\\node_modules\\bluebird\\js\\release\\promise.js:649:10)\n    at Promise._settlePromises (C:\\Users\\Net\\AppData\\Local\\Cypress\\Cache\\6.2.0\\Cypress\\resources\\app\\packages\\server\\node_modules\\bluebird\\js\\release\\promise.js:729:18)\n    at Promise._fulfill (C:\\Users\\Net\\AppData\\Local\\Cypress\\Cache\\6.2.0\\Cypress\\resources\\app\\packages\\server\\node_modules\\bluebird\\js\\release\\promise.js:673:18)\n    at C:\\Users\\Net\\AppData\\Local\\Cypress\\Cache\\6.2.0\\Cypress\\resources\\app\\packages\\server\\node_modules\\bluebird\\js\\release\\nodeback.js:42:21\n    at f (C:\\Users\\Net\\AppData\\Local\\Cypress\\Cache\\6.2.0\\Cypress\\resources\\app\\packages\\server\\node_modules\\once\\once.js:25:25)\n    at Glob.<anonymous> (C:\\Users\\Net\\AppData\\Local\\Cypress\\Cache\\6.2.0\\Cypress\\resources\\app\\packages\\server\\node_modules\\glob\\glob.js:151:7)\n    at Glob.emit (events.js:315:20)\n    at Glob._finish (C:\\Users\\Net\\AppData\\Local\\Cypress\\Cache\\6.2.0\\Cypress\\resources\\app\\packages\\server\\node_modules\\glob\\glob.js:197:8)\n    at done (C:\\Users\\Net\\AppData\\Local\\Cypress\\Cache\\6.2.0\\Cypress\\resources\\app\\packages\\server\\node_modules\\glob\\glob.js:182:14)\n    at Glob._processSimple2 (C:\\Users\\Net\\AppData\\Local\\Cypress\\Cache\\6.2.0\\Cypress\\resources\\app\\packages\\server\\node_modules\\glob\\glob.js:688:12)\n    at C:\\Users\\Net\\AppData\\Local\\Cypress\\Cache\\6.2.0\\Cypress\\resources\\app\\packages\\server\\node_modules\\glob\\glob.js:676:10\n    at Glob._stat2 (C:\\Users\\Net\\AppData\\Local\\Cypress\\Cache\\6.2.0\\Cypress\\resources\\app\\packages\\server\\node_modules\\glob\\glob.js:772:12)\n    at lstatcb_ (C:\\Users\\Net\\AppData\\Local\\Cypress\\Cache\\6.2.0\\Cypress\\resources\\app\\packages\\server\\node_modules\\glob\\glob.js:764:12)\n    at RES (C:\\Users\\Net\\AppData\\Local\\Cypress\\Cache\\6.2.0\\Cypress\\resources\\app\\packages\\server\\node_modules\\inflight\\inflight.js:31:16)\n    at f (C:\\Users\\Net\\AppData\\Local\\Cypress\\Cache\\6.2.0\\Cypress\\resources\\app\\packages\\server\\node_modules\\once\\once.js:25:25)\n    at callback (C:\\Users\\Net\\AppData\\Local\\Cypress\\Cache\\6.2.0\\Cypress\\resources\\app\\packages\\server\\node_modules\\graceful-fs\\polyfills.js:289:20)\n    at FSReqCallback.oncomplete (fs.js:172:21)\n",
                "diff": null
              },
              "uuid": "5c347c56-2b5f-4654-93e5-db725005253c",
              "parentUUID": "998d5929-0c9f-4920-98ee-e1e72191ebc3",
              "isHook": false,
              "skipped": false
            },
            {
              "title": "Case #002",
              "fullTitle": "Create Bot Case #002",
              "timedOut": null,
              "duration": 0,
              "state": "skipped",
              "speed": null,
              "pass": false,
              "fail": false,
              "pending": false,
              "context": null,
              "code": "cy.login(this.dataSignin.email, this.dataSignin.pw); // login\n// Assert Url\ncy.url().should('include', 'bot'); // Assert text\ncy.get('.d-flex > .headline').should('contain', 'bayusandya');",
              "err": {},
              "uuid": "1604f978-dac4-4fca-9aa1-74288dbe7572",
              "parentUUID": "998d5929-0c9f-4920-98ee-e1e72191ebc3",
              "isHook": false,
              "skipped": true
            }
          ],
          "suites": [],
          "passes": [],
          "failures": [
            "5c347c56-2b5f-4654-93e5-db725005253c"
          ],
          "pending": [],
          "skipped": [
            "1604f978-dac4-4fca-9aa1-74288dbe7572"
          ],
          "duration": 540,
          "root": false,
          "rootEmpty": false,
          "_timeout": 2000
        }
      ],
      "passes": [],
      "failures": [],
      "pending": [],
      "skipped": [],
      "duration": 0,
      "root": true,
      "rootEmpty": true,
      "_timeout": 2000
    }
  ],
  "meta": {
    "mocha": {
      "version": "7.0.1"
    },
    "mochawesome": {
      "options": {
        "quiet": false,
        "reportFilename": "mochawesome",
        "saveHtml": false,
        "saveJson": true,
        "consoleReporter": "spec",
        "useInlineDiffs": false,
        "code": true
      },
      "version": "6.2.1"
    },
    "marge": {
      "options": {
        "charts": true,
        "overwrite": false,
        "html": false,
        "json": true,
        "reportDir": "cypress/report/mochawesome-report"
      },
      "version": "5.1.0"
    }
  }
}