{
  "stats": {
    "suites": 1,
    "tests": 6,
    "passes": 6,
    "pending": 0,
    "failures": 0,
    "start": "2020-12-29T12:46:51.564Z",
    "end": "2020-12-29T12:47:21.776Z",
    "duration": 30212,
    "testsRegistered": 6,
    "passPercent": 100,
    "pendingPercent": 0,
    "other": 0,
    "hasOther": false,
    "skipped": 0,
    "hasSkipped": false
  },
  "results": [
    {
      "uuid": "28cd6168-2fb9-44d6-bbb9-32107351b978",
      "title": "",
      "fullFile": "cypress\\integration\\user-auth\\forgot-password.spec.js",
      "file": "cypress\\integration\\user-auth\\forgot-password.spec.js",
      "beforeHooks": [],
      "afterHooks": [],
      "tests": [],
      "suites": [
        {
          "uuid": "3d6fdcdd-08d8-46a9-921e-53c33b4e6246",
          "title": "User Auth - Forgot Password",
          "fullFile": "",
          "file": "",
          "beforeHooks": [],
          "afterHooks": [],
          "tests": [
            {
              "title": "TC-ForgotPassword-001",
              "fullTitle": "User Auth - Forgot Password TC-ForgotPassword-001",
              "timedOut": null,
              "duration": 7208,
              "state": "passed",
              "speed": "slow",
              "pass": true,
              "fail": false,
              "pending": false,
              "context": null,
              "code": "forgotPasswordPage.headerFormLupaPassword().should('be.visible').and('contain', 'Lupa password?');\nforgotPasswordPage.fieldEmail().should('be.visible').and('be.empty');\nforgotPasswordPage.btnKirim().should('be.visible').and('be.disabled');\nforgotPasswordPage.btnKembali().should('be.visible');",
              "err": {},
              "uuid": "ebea293c-c6d1-4fbd-a0d1-4a1056998c57",
              "parentUUID": "3d6fdcdd-08d8-46a9-921e-53c33b4e6246",
              "isHook": false,
              "skipped": false
            },
            {
              "title": "TC-ForgotPassword-002",
              "fullTitle": "User Auth - Forgot Password TC-ForgotPassword-002",
              "timedOut": null,
              "duration": 2900,
              "state": "passed",
              "speed": "slow",
              "pass": true,
              "fail": false,
              "pending": false,
              "context": null,
              "code": "cy.wait(1000);\nforgotPasswordPage.fieldEmail().click().tab();\nforgotPasswordPage.btnKirim().should('be.visible').and('be.disabled');\nforgotPasswordPage.alertField().should('be.visible').and('contain.text', 'Mohon masukan email anda');",
              "err": {},
              "uuid": "e94063ee-f408-472b-af35-14ccf6869dfb",
              "parentUUID": "3d6fdcdd-08d8-46a9-921e-53c33b4e6246",
              "isHook": false,
              "skipped": false
            },
            {
              "title": "TC-ForgotPassword-003",
              "fullTitle": "User Auth - Forgot Password TC-ForgotPassword-003",
              "timedOut": null,
              "duration": 2869,
              "state": "passed",
              "speed": "slow",
              "pass": true,
              "fail": false,
              "pending": false,
              "context": null,
              "code": "cy.wait(1000);\nforgotPasswordPage.fieldEmail().type(this.userAuthData.invalidEmail);\nforgotPasswordPage.btnKirim().should('be.visible').and('be.disabled');\nforgotPasswordPage.alertField().should('be.visible').and('contain.text', 'Mohon masukan email dengan benar');",
              "err": {},
              "uuid": "132ca89e-a62b-4044-829a-10e510233fcc",
              "parentUUID": "3d6fdcdd-08d8-46a9-921e-53c33b4e6246",
              "isHook": false,
              "skipped": false
            },
            {
              "title": "TC-ForgotPassword-004",
              "fullTitle": "User Auth - Forgot Password TC-ForgotPassword-004",
              "timedOut": null,
              "duration": 3378,
              "state": "passed",
              "speed": "slow",
              "pass": true,
              "fail": false,
              "pending": false,
              "context": null,
              "code": "cy.wait(1000);\nforgotPasswordPage.fieldEmail().type(unregisteredEmail);\nforgotPasswordPage.btnKirim().should('be.visible').and('be.enabled').click();\nforgotPasswordPage.alertContent().should('be.visible').and('contain.text', 'Email diatas tidak terdaftar');",
              "err": {},
              "uuid": "6e7070c7-3cf9-4450-8bef-9c9c57202486",
              "parentUUID": "3d6fdcdd-08d8-46a9-921e-53c33b4e6246",
              "isHook": false,
              "skipped": false
            },
            {
              "title": "TC-ForgotPassword-005",
              "fullTitle": "User Auth - Forgot Password TC-ForgotPassword-005",
              "timedOut": null,
              "duration": 7209,
              "state": "passed",
              "speed": "slow",
              "pass": true,
              "fail": false,
              "pending": false,
              "context": null,
              "code": "cy.wait(1000);\nforgotPasswordPage.fieldEmail().type(this.userAuthData.registeredEmail);\nforgotPasswordPage.btnKirim().should('be.visible').and('be.enabled').click();\ncy.url().should('include', '/forgotPasswordHelper');\nforgotPasswordPage.headerBantuan().should('be.visible').and('contain', 'Bantuan sudah dikirim');\nforgotPasswordPage.emailForReset().should('contain', this.userAuthData.registeredEmail);\nforgotPasswordPage.btnResendEmail().should('be.visible');\nforgotPasswordPage.btnDapatkanBantuan().should('be.visible');\nforgotPasswordPage.btnKembali().should('be.visible');",
              "err": {},
              "uuid": "9693d6a8-ae14-4414-9c10-395b234fabc5",
              "parentUUID": "3d6fdcdd-08d8-46a9-921e-53c33b4e6246",
              "isHook": false,
              "skipped": false
            },
            {
              "title": "TC-ForgotPassword-006",
              "fullTitle": "User Auth - Forgot Password TC-ForgotPassword-006",
              "timedOut": null,
              "duration": 6227,
              "state": "passed",
              "speed": "slow",
              "pass": true,
              "fail": false,
              "pending": false,
              "context": null,
              "code": "cy.wait(1000);\nforgotPasswordPage.fieldEmail().type(this.userAuthData.registeredEmail);\nforgotPasswordPage.btnKirim().should('be.visible').and('be.enabled').click();\nforgotPasswordPage.btnResendEmail().should('be.visible').click();\nforgotPasswordPage.notifEmailTerkirim().should('be.visible');",
              "err": {},
              "uuid": "b5ca5940-ecdb-4d60-a353-d795fb5b9d08",
              "parentUUID": "3d6fdcdd-08d8-46a9-921e-53c33b4e6246",
              "isHook": false,
              "skipped": false
            }
          ],
          "suites": [],
          "passes": [
            "ebea293c-c6d1-4fbd-a0d1-4a1056998c57",
            "e94063ee-f408-472b-af35-14ccf6869dfb",
            "132ca89e-a62b-4044-829a-10e510233fcc",
            "6e7070c7-3cf9-4450-8bef-9c9c57202486",
            "9693d6a8-ae14-4414-9c10-395b234fabc5",
            "b5ca5940-ecdb-4d60-a353-d795fb5b9d08"
          ],
          "failures": [],
          "pending": [],
          "skipped": [],
          "duration": 29791,
          "root": false,
          "rootEmpty": false,
          "_timeout": 2000
        }
      ],
      "passes": [],
      "failures": [],
      "pending": [],
      "skipped": [],
      "duration": 0,
      "root": true,
      "rootEmpty": true,
      "_timeout": 2000
    }
  ],
  "meta": {
    "mocha": {
      "version": "7.0.1"
    },
    "mochawesome": {
      "options": {
        "quiet": false,
        "reportFilename": "mochawesome",
        "saveHtml": false,
        "saveJson": true,
        "consoleReporter": "spec",
        "useInlineDiffs": false,
        "code": true
      },
      "version": "6.2.1"
    },
    "marge": {
      "options": {
        "charts": true,
        "overwrite": false,
        "html": false,
        "json": true,
        "reportDir": "cypress/report/mochawesome-report"
      },
      "version": "5.1.0"
    }
  }
}